State 86 conflicts: 2 shift/reduce
State 87 conflicts: 2 shift/reduce
State 88 conflicts: 2 shift/reduce
State 89 conflicts: 2 shift/reduce
State 90 conflicts: 2 shift/reduce
State 91 conflicts: 2 shift/reduce
State 92 conflicts: 2 shift/reduce
State 93 conflicts: 2 shift/reduce


Grammar

    0 $accept: Program $end

    1 Program: MainClass

    2 MainClass: KW_CLASS ID '{' StaticVarDeclList StaticMethodDeclList KW_PUBLIC KW_STATIC KW_VOID MAIN '(' KW_STRING '[' ']' ID ')' '{' StatementList '}' '}'

    3 VarDecl: Type ID ExpDecl VarDeclExpList ';'

    4 StaticVarDecl: KW_PRIVATE KW_STATIC VarDecl

    5 StaticVarDeclList: StaticVarDeclList StaticVarDecl
    6                  | ε

    7 VarDeclExpList: ',' ID ExpDecl VarDeclExpList
    8               | ε

    9 Statement: VarDecl
   10          | '{' StatementList '}'
   11          | KW_IF '(' Exp ')' Statement KW_ELSE Statement
   12          | KW_WHILE '(' Exp ')' Statement
   13          | SYSTEM_OUT_PRINTLN '(' Exp ')' ';'
   14          | SYSTEM_OUT_PRINT '(' Exp ')' ';'
   15          | LeftValue '=' Exp ';'
   16          | KW_RETURN Exp ';'
   17          | MethodCall ';'

   18 StatementList: StatementList Statement
   19              | ε

   20 LeftValue: ID
   21          | ID Index

   22 Index: '[' Exp ']'
   23      | Index '[' Exp ']'

   24 Type: PrimeType
   25     | Type '[' ']'

   26 PrimeType: KW_INT
   27          | KW_BOOLEAN
   28          | KW_STRING

   29 MethodCall: ID '(' ExpList ')'
   30           | INTEGER_PARSE_INT '(' Exp ')'

   31 StaticMethodDecl: KW_PUBLIC KW_STATIC Type ID '(' FormalList ')' '{' StatementList '}'

   32 StaticMethodDeclList: StaticMethodDeclList StaticMethodDecl
   33                     | ε

   34 FormalList: Arg ArgList
   35           | ε

   36 Arg: Type ID

   37 ArgList: ',' Arg ArgList
   38        | ε

   39 Exp: Exp TOK_PLUS Term
   40    | Exp TOK_MINUS Term
   41    | Exp TOK_AND Exp
   42    | Exp TOK_OR Exp
   43    | Exp TOK_LESS Exp
   44    | Exp TOK_GREAT Exp
   45    | Exp TOK_LEQ Exp
   46    | Exp TOK_GREQ Exp
   47    | Exp TOK_EQ Exp
   48    | Exp TOK_NEQ Exp
   49    | Term

   50 Term: Term TOK_MULT Factor
   51     | Term TOK_DIV Factor
   52     | Factor

   53 Factor: INTEGER_LITERAL
   54       | STRING_LITERAL
   55       | KW_TRUE
   56       | KW_FALSE
   57       | TOK_NOT Factor
   58       | TOK_PLUS Factor
   59       | TOK_MINUS Factor
   60       | '(' Exp ')'
   61       | LeftValue
   62       | LeftValue '.' KW_LENGTH
   63       | MethodCall
   64       | KW_NEW PrimeType Index

   65 ExpDecl: '=' Exp
   66        | ε

   67 ExpList: Exp ExpTail
   68        | ε

   69 ExpTail: ',' Exp ExpTail
   70        | ε


Terminals, with rules where they appear

    $end (0) 0
    '(' (40) 2 11 12 13 14 29 30 31 60
    ')' (41) 2 11 12 13 14 29 30 31 60
    ',' (44) 7 37 69
    '.' (46) 62
    ';' (59) 3 13 14 15 16 17
    '=' (61) 15 65
    '[' (91) 2 22 23 25
    ']' (93) 2 22 23 25
    '{' (123) 2 10 31
    '}' (125) 2 10 31
    error (256)
    TOK_AND (258) 41
    TOK_OR (259) 42
    TOK_LESS (260) 43
    TOK_GREAT (261) 44
    TOK_LEQ (262) 45
    TOK_GREQ (263) 46
    TOK_NEQ (264) 48
    TOK_EQ (265) 47
    TOK_PLUS (266) 39 58
    TOK_MINUS (267) 40 59
    TOK_MULT (268) 50
    TOK_DIV (269) 51
    TOK_NOT (270) 57
    KW_BOOLEAN (271) 27
    KW_CLASS (272) 2
    KW_FALSE (273) 56
    KW_INT (274) 26
    MAIN (275) 2
    KW_PUBLIC (276) 2 31
    KW_TRUE (277) 55
    KW_VOID (278) 2
    KW_IF (279) 11
    KW_ELSE (280) 11
    KW_RETURN (281) 16
    KW_WHILE (282) 12
    KW_LENGTH (283) 62
    KW_STATIC (284) 2 4 31
    KW_STRING (285) 2 28
    KW_NEW (286) 64
    KW_PRIVATE (287) 4
    SYSTEM_OUT_PRINT (288) 14
    SYSTEM_OUT_PRINTLN (289) 13
    INTEGER_PARSE_INT (290) 30
    INTEGER_LITERAL <integer> (291) 53
    STRING_LITERAL <string> (292) 54
    ID <string> (293) 2 3 7 20 21 29 31 36


Nonterminals, with rules where they appear

    $accept (49)
        on left: 0
    Program <node> (50)
        on left: 1
        on right: 0
    MainClass <node> (51)
        on left: 2
        on right: 1
    VarDecl <node> (52)
        on left: 3
        on right: 4 9
    StaticVarDecl <node> (53)
        on left: 4
        on right: 5
    StaticVarDeclList <node> (54)
        on left: 5 6
        on right: 2 5
    VarDeclExpList <node> (55)
        on left: 7 8
        on right: 3 7
    Statement <node> (56)
        on left: 9 10 11 12 13 14 15 16 17
        on right: 11 12 18
    StatementList <node> (57)
        on left: 18 19
        on right: 2 10 18 31
    LeftValue <node> (58)
        on left: 20 21
        on right: 15 61 62
    Index <node> (59)
        on left: 22 23
        on right: 21 23 64
    Type <node> (60)
        on left: 24 25
        on right: 3 25 31 36
    PrimeType <node> (61)
        on left: 26 27 28
        on right: 24 64
    MethodCall <node> (62)
        on left: 29 30
        on right: 17 63
    StaticMethodDecl <node> (63)
        on left: 31
        on right: 32
    StaticMethodDeclList <node> (64)
        on left: 32 33
        on right: 2 32
    FormalList <node> (65)
        on left: 34 35
        on right: 31
    Arg <node> (66)
        on left: 36
        on right: 34 37
    ArgList <node> (67)
        on left: 37 38
        on right: 34 37
    Exp <node> (68)
        on left: 39 40 41 42 43 44 45 46 47 48 49
        on right: 11 12 13 14 15 16 22 23 30 39 40 41 42 43 44 45 46 47 48 60 65 67 69
    Term <node> (69)
        on left: 50 51 52
        on right: 39 40 49 50 51
    Factor <node> (70)
        on left: 53 54 55 56 57 58 59 60 61 62 63 64
        on right: 50 51 52 57 58 59
    ExpDecl <node> (71)
        on left: 65 66
        on right: 3 7
    ExpList <node> (72)
        on left: 67 68
        on right: 29
    ExpTail <node> (73)
        on left: 69 70
        on right: 67 69


State 0

    0 $accept: • Program $end

    KW_CLASS  shift, and go to state 1

    Program    go to state 2
    MainClass  go to state 3


State 1

    2 MainClass: KW_CLASS • ID '{' StaticVarDeclList StaticMethodDeclList KW_PUBLIC KW_STATIC KW_VOID MAIN '(' KW_STRING '[' ']' ID ')' '{' StatementList '}' '}'

    ID  shift, and go to state 4


State 2

    0 $accept: Program • $end

    $end  shift, and go to state 5


State 3

    1 Program: MainClass •

    $default  reduce using rule 1 (Program)


State 4

    2 MainClass: KW_CLASS ID • '{' StaticVarDeclList StaticMethodDeclList KW_PUBLIC KW_STATIC KW_VOID MAIN '(' KW_STRING '[' ']' ID ')' '{' StatementList '}' '}'

    '{'  shift, and go to state 6


State 5

    0 $accept: Program $end •

    $default  accept


State 6

    2 MainClass: KW_CLASS ID '{' • StaticVarDeclList StaticMethodDeclList KW_PUBLIC KW_STATIC KW_VOID MAIN '(' KW_STRING '[' ']' ID ')' '{' StatementList '}' '}'

    $default  reduce using rule 6 (StaticVarDeclList)

    StaticVarDeclList  go to state 7


State 7

    2 MainClass: KW_CLASS ID '{' StaticVarDeclList • StaticMethodDeclList KW_PUBLIC KW_STATIC KW_VOID MAIN '(' KW_STRING '[' ']' ID ')' '{' StatementList '}' '}'
    5 StaticVarDeclList: StaticVarDeclList • StaticVarDecl

    KW_PRIVATE  shift, and go to state 8

    $default  reduce using rule 33 (StaticMethodDeclList)

    StaticVarDecl         go to state 9
    StaticMethodDeclList  go to state 10


State 8

    4 StaticVarDecl: KW_PRIVATE • KW_STATIC VarDecl

    KW_STATIC  shift, and go to state 11


State 9

    5 StaticVarDeclList: StaticVarDeclList StaticVarDecl •

    $default  reduce using rule 5 (StaticVarDeclList)


State 10

    2 MainClass: KW_CLASS ID '{' StaticVarDeclList StaticMethodDeclList • KW_PUBLIC KW_STATIC KW_VOID MAIN '(' KW_STRING '[' ']' ID ')' '{' StatementList '}' '}'
   32 StaticMethodDeclList: StaticMethodDeclList • StaticMethodDecl

    KW_PUBLIC  shift, and go to state 12

    StaticMethodDecl  go to state 13


State 11

    4 StaticVarDecl: KW_PRIVATE KW_STATIC • VarDecl

    KW_BOOLEAN  shift, and go to state 14
    KW_INT      shift, and go to state 15
    KW_STRING   shift, and go to state 16

    VarDecl    go to state 17
    Type       go to state 18
    PrimeType  go to state 19


State 12

    2 MainClass: KW_CLASS ID '{' StaticVarDeclList StaticMethodDeclList KW_PUBLIC • KW_STATIC KW_VOID MAIN '(' KW_STRING '[' ']' ID ')' '{' StatementList '}' '}'
   31 StaticMethodDecl: KW_PUBLIC • KW_STATIC Type ID '(' FormalList ')' '{' StatementList '}'

    KW_STATIC  shift, and go to state 20


State 13

   32 StaticMethodDeclList: StaticMethodDeclList StaticMethodDecl •

    $default  reduce using rule 32 (StaticMethodDeclList)


State 14

   27 PrimeType: KW_BOOLEAN •

    $default  reduce using rule 27 (PrimeType)


State 15

   26 PrimeType: KW_INT •

    $default  reduce using rule 26 (PrimeType)


State 16

   28 PrimeType: KW_STRING •

    $default  reduce using rule 28 (PrimeType)


State 17

    4 StaticVarDecl: KW_PRIVATE KW_STATIC VarDecl •

    $default  reduce using rule 4 (StaticVarDecl)


State 18

    3 VarDecl: Type • ID ExpDecl VarDeclExpList ';'
   25 Type: Type • '[' ']'

    ID   shift, and go to state 21
    '['  shift, and go to state 22


State 19

   24 Type: PrimeType •

    $default  reduce using rule 24 (Type)


State 20

    2 MainClass: KW_CLASS ID '{' StaticVarDeclList StaticMethodDeclList KW_PUBLIC KW_STATIC • KW_VOID MAIN '(' KW_STRING '[' ']' ID ')' '{' StatementList '}' '}'
   31 StaticMethodDecl: KW_PUBLIC KW_STATIC • Type ID '(' FormalList ')' '{' StatementList '}'

    KW_BOOLEAN  shift, and go to state 14
    KW_INT      shift, and go to state 15
    KW_VOID     shift, and go to state 23
    KW_STRING   shift, and go to state 16

    Type       go to state 24
    PrimeType  go to state 19


State 21

    3 VarDecl: Type ID • ExpDecl VarDeclExpList ';'

    '='  shift, and go to state 25

    $default  reduce using rule 66 (ExpDecl)

    ExpDecl  go to state 26


State 22

   25 Type: Type '[' • ']'

    ']'  shift, and go to state 27


State 23

    2 MainClass: KW_CLASS ID '{' StaticVarDeclList StaticMethodDeclList KW_PUBLIC KW_STATIC KW_VOID • MAIN '(' KW_STRING '[' ']' ID ')' '{' StatementList '}' '}'

    MAIN  shift, and go to state 28


State 24

   25 Type: Type • '[' ']'
   31 StaticMethodDecl: KW_PUBLIC KW_STATIC Type • ID '(' FormalList ')' '{' StatementList '}'

    ID   shift, and go to state 29
    '['  shift, and go to state 22


State 25

   65 ExpDecl: '=' • Exp

    TOK_PLUS           shift, and go to state 30
    TOK_MINUS          shift, and go to state 31
    TOK_NOT            shift, and go to state 32
    KW_FALSE           shift, and go to state 33
    KW_TRUE            shift, and go to state 34
    KW_NEW             shift, and go to state 35
    INTEGER_PARSE_INT  shift, and go to state 36
    INTEGER_LITERAL    shift, and go to state 37
    STRING_LITERAL     shift, and go to state 38
    ID                 shift, and go to state 39
    '('                shift, and go to state 40

    LeftValue   go to state 41
    MethodCall  go to state 42
    Exp         go to state 43
    Term        go to state 44
    Factor      go to state 45


State 26

    3 VarDecl: Type ID ExpDecl • VarDeclExpList ';'

    ','  shift, and go to state 46

    $default  reduce using rule 8 (VarDeclExpList)

    VarDeclExpList  go to state 47


State 27

   25 Type: Type '[' ']' •

    $default  reduce using rule 25 (Type)


State 28

    2 MainClass: KW_CLASS ID '{' StaticVarDeclList StaticMethodDeclList KW_PUBLIC KW_STATIC KW_VOID MAIN • '(' KW_STRING '[' ']' ID ')' '{' StatementList '}' '}'

    '('  shift, and go to state 48


State 29

   31 StaticMethodDecl: KW_PUBLIC KW_STATIC Type ID • '(' FormalList ')' '{' StatementList '}'

    '('  shift, and go to state 49


State 30

   58 Factor: TOK_PLUS • Factor

    TOK_PLUS           shift, and go to state 30
    TOK_MINUS          shift, and go to state 31
    TOK_NOT            shift, and go to state 32
    KW_FALSE           shift, and go to state 33
    KW_TRUE            shift, and go to state 34
    KW_NEW             shift, and go to state 35
    INTEGER_PARSE_INT  shift, and go to state 36
    INTEGER_LITERAL    shift, and go to state 37
    STRING_LITERAL     shift, and go to state 38
    ID                 shift, and go to state 39
    '('                shift, and go to state 40

    LeftValue   go to state 41
    MethodCall  go to state 42
    Factor      go to state 50


State 31

   59 Factor: TOK_MINUS • Factor

    TOK_PLUS           shift, and go to state 30
    TOK_MINUS          shift, and go to state 31
    TOK_NOT            shift, and go to state 32
    KW_FALSE           shift, and go to state 33
    KW_TRUE            shift, and go to state 34
    KW_NEW             shift, and go to state 35
    INTEGER_PARSE_INT  shift, and go to state 36
    INTEGER_LITERAL    shift, and go to state 37
    STRING_LITERAL     shift, and go to state 38
    ID                 shift, and go to state 39
    '('                shift, and go to state 40

    LeftValue   go to state 41
    MethodCall  go to state 42
    Factor      go to state 51


State 32

   57 Factor: TOK_NOT • Factor

    TOK_PLUS           shift, and go to state 30
    TOK_MINUS          shift, and go to state 31
    TOK_NOT            shift, and go to state 32
    KW_FALSE           shift, and go to state 33
    KW_TRUE            shift, and go to state 34
    KW_NEW             shift, and go to state 35
    INTEGER_PARSE_INT  shift, and go to state 36
    INTEGER_LITERAL    shift, and go to state 37
    STRING_LITERAL     shift, and go to state 38
    ID                 shift, and go to state 39
    '('                shift, and go to state 40

    LeftValue   go to state 41
    MethodCall  go to state 42
    Factor      go to state 52


State 33

   56 Factor: KW_FALSE •

    $default  reduce using rule 56 (Factor)


State 34

   55 Factor: KW_TRUE •

    $default  reduce using rule 55 (Factor)


State 35

   64 Factor: KW_NEW • PrimeType Index

    KW_BOOLEAN  shift, and go to state 14
    KW_INT      shift, and go to state 15
    KW_STRING   shift, and go to state 16

    PrimeType  go to state 53


State 36

   30 MethodCall: INTEGER_PARSE_INT • '(' Exp ')'

    '('  shift, and go to state 54


State 37

   53 Factor: INTEGER_LITERAL •

    $default  reduce using rule 53 (Factor)


State 38

   54 Factor: STRING_LITERAL •

    $default  reduce using rule 54 (Factor)


State 39

   20 LeftValue: ID •
   21          | ID • Index
   29 MethodCall: ID • '(' ExpList ')'

    '('  shift, and go to state 55
    '['  shift, and go to state 56

    $default  reduce using rule 20 (LeftValue)

    Index  go to state 57


State 40

   60 Factor: '(' • Exp ')'

    TOK_PLUS           shift, and go to state 30
    TOK_MINUS          shift, and go to state 31
    TOK_NOT            shift, and go to state 32
    KW_FALSE           shift, and go to state 33
    KW_TRUE            shift, and go to state 34
    KW_NEW             shift, and go to state 35
    INTEGER_PARSE_INT  shift, and go to state 36
    INTEGER_LITERAL    shift, and go to state 37
    STRING_LITERAL     shift, and go to state 38
    ID                 shift, and go to state 39
    '('                shift, and go to state 40

    LeftValue   go to state 41
    MethodCall  go to state 42
    Exp         go to state 58
    Term        go to state 44
    Factor      go to state 45


State 41

   61 Factor: LeftValue •
   62       | LeftValue • '.' KW_LENGTH

    '.'  shift, and go to state 59

    $default  reduce using rule 61 (Factor)


State 42

   63 Factor: MethodCall •

    $default  reduce using rule 63 (Factor)


State 43

   39 Exp: Exp • TOK_PLUS Term
   40    | Exp • TOK_MINUS Term
   41    | Exp • TOK_AND Exp
   42    | Exp • TOK_OR Exp
   43    | Exp • TOK_LESS Exp
   44    | Exp • TOK_GREAT Exp
   45    | Exp • TOK_LEQ Exp
   46    | Exp • TOK_GREQ Exp
   47    | Exp • TOK_EQ Exp
   48    | Exp • TOK_NEQ Exp
   65 ExpDecl: '=' Exp •

    TOK_AND    shift, and go to state 60
    TOK_OR     shift, and go to state 61
    TOK_LESS   shift, and go to state 62
    TOK_GREAT  shift, and go to state 63
    TOK_LEQ    shift, and go to state 64
    TOK_GREQ   shift, and go to state 65
    TOK_NEQ    shift, and go to state 66
    TOK_EQ     shift, and go to state 67
    TOK_PLUS   shift, and go to state 68
    TOK_MINUS  shift, and go to state 69

    $default  reduce using rule 65 (ExpDecl)


State 44

   49 Exp: Term •
   50 Term: Term • TOK_MULT Factor
   51     | Term • TOK_DIV Factor

    TOK_MULT  shift, and go to state 70
    TOK_DIV   shift, and go to state 71

    $default  reduce using rule 49 (Exp)


State 45

   52 Term: Factor •

    $default  reduce using rule 52 (Term)


State 46

    7 VarDeclExpList: ',' • ID ExpDecl VarDeclExpList

    ID  shift, and go to state 72


State 47

    3 VarDecl: Type ID ExpDecl VarDeclExpList • ';'

    ';'  shift, and go to state 73


State 48

    2 MainClass: KW_CLASS ID '{' StaticVarDeclList StaticMethodDeclList KW_PUBLIC KW_STATIC KW_VOID MAIN '(' • KW_STRING '[' ']' ID ')' '{' StatementList '}' '}'

    KW_STRING  shift, and go to state 74


State 49

   31 StaticMethodDecl: KW_PUBLIC KW_STATIC Type ID '(' • FormalList ')' '{' StatementList '}'

    KW_BOOLEAN  shift, and go to state 14
    KW_INT      shift, and go to state 15
    KW_STRING   shift, and go to state 16

    $default  reduce using rule 35 (FormalList)

    Type        go to state 75
    PrimeType   go to state 19
    FormalList  go to state 76
    Arg         go to state 77


State 50

   58 Factor: TOK_PLUS Factor •

    $default  reduce using rule 58 (Factor)


State 51

   59 Factor: TOK_MINUS Factor •

    $default  reduce using rule 59 (Factor)


State 52

   57 Factor: TOK_NOT Factor •

    $default  reduce using rule 57 (Factor)


State 53

   64 Factor: KW_NEW PrimeType • Index

    '['  shift, and go to state 56

    Index  go to state 78


State 54

   30 MethodCall: INTEGER_PARSE_INT '(' • Exp ')'

    TOK_PLUS           shift, and go to state 30
    TOK_MINUS          shift, and go to state 31
    TOK_NOT            shift, and go to state 32
    KW_FALSE           shift, and go to state 33
    KW_TRUE            shift, and go to state 34
    KW_NEW             shift, and go to state 35
    INTEGER_PARSE_INT  shift, and go to state 36
    INTEGER_LITERAL    shift, and go to state 37
    STRING_LITERAL     shift, and go to state 38
    ID                 shift, and go to state 39
    '('                shift, and go to state 40

    LeftValue   go to state 41
    MethodCall  go to state 42
    Exp         go to state 79
    Term        go to state 44
    Factor      go to state 45


State 55

   29 MethodCall: ID '(' • ExpList ')'

    TOK_PLUS           shift, and go to state 30
    TOK_MINUS          shift, and go to state 31
    TOK_NOT            shift, and go to state 32
    KW_FALSE           shift, and go to state 33
    KW_TRUE            shift, and go to state 34
    KW_NEW             shift, and go to state 35
    INTEGER_PARSE_INT  shift, and go to state 36
    INTEGER_LITERAL    shift, and go to state 37
    STRING_LITERAL     shift, and go to state 38
    ID                 shift, and go to state 39
    '('                shift, and go to state 40

    $default  reduce using rule 68 (ExpList)

    LeftValue   go to state 41
    MethodCall  go to state 42
    Exp         go to state 80
    Term        go to state 44
    Factor      go to state 45
    ExpList     go to state 81


State 56

   22 Index: '[' • Exp ']'

    TOK_PLUS           shift, and go to state 30
    TOK_MINUS          shift, and go to state 31
    TOK_NOT            shift, and go to state 32
    KW_FALSE           shift, and go to state 33
    KW_TRUE            shift, and go to state 34
    KW_NEW             shift, and go to state 35
    INTEGER_PARSE_INT  shift, and go to state 36
    INTEGER_LITERAL    shift, and go to state 37
    STRING_LITERAL     shift, and go to state 38
    ID                 shift, and go to state 39
    '('                shift, and go to state 40

    LeftValue   go to state 41
    MethodCall  go to state 42
    Exp         go to state 82
    Term        go to state 44
    Factor      go to state 45


State 57

   21 LeftValue: ID Index •
   23 Index: Index • '[' Exp ']'

    '['  shift, and go to state 83

    $default  reduce using rule 21 (LeftValue)


State 58

   39 Exp: Exp • TOK_PLUS Term
   40    | Exp • TOK_MINUS Term
   41    | Exp • TOK_AND Exp
   42    | Exp • TOK_OR Exp
   43    | Exp • TOK_LESS Exp
   44    | Exp • TOK_GREAT Exp
   45    | Exp • TOK_LEQ Exp
   46    | Exp • TOK_GREQ Exp
   47    | Exp • TOK_EQ Exp
   48    | Exp • TOK_NEQ Exp
   60 Factor: '(' Exp • ')'

    TOK_AND    shift, and go to state 60
    TOK_OR     shift, and go to state 61
    TOK_LESS   shift, and go to state 62
    TOK_GREAT  shift, and go to state 63
    TOK_LEQ    shift, and go to state 64
    TOK_GREQ   shift, and go to state 65
    TOK_NEQ    shift, and go to state 66
    TOK_EQ     shift, and go to state 67
    TOK_PLUS   shift, and go to state 68
    TOK_MINUS  shift, and go to state 69
    ')'        shift, and go to state 84


State 59

   62 Factor: LeftValue '.' • KW_LENGTH

    KW_LENGTH  shift, and go to state 85


State 60

   41 Exp: Exp TOK_AND • Exp

    TOK_PLUS           shift, and go to state 30
    TOK_MINUS          shift, and go to state 31
    TOK_NOT            shift, and go to state 32
    KW_FALSE           shift, and go to state 33
    KW_TRUE            shift, and go to state 34
    KW_NEW             shift, and go to state 35
    INTEGER_PARSE_INT  shift, and go to state 36
    INTEGER_LITERAL    shift, and go to state 37
    STRING_LITERAL     shift, and go to state 38
    ID                 shift, and go to state 39
    '('                shift, and go to state 40

    LeftValue   go to state 41
    MethodCall  go to state 42
    Exp         go to state 86
    Term        go to state 44
    Factor      go to state 45


State 61

   42 Exp: Exp TOK_OR • Exp

    TOK_PLUS           shift, and go to state 30
    TOK_MINUS          shift, and go to state 31
    TOK_NOT            shift, and go to state 32
    KW_FALSE           shift, and go to state 33
    KW_TRUE            shift, and go to state 34
    KW_NEW             shift, and go to state 35
    INTEGER_PARSE_INT  shift, and go to state 36
    INTEGER_LITERAL    shift, and go to state 37
    STRING_LITERAL     shift, and go to state 38
    ID                 shift, and go to state 39
    '('                shift, and go to state 40

    LeftValue   go to state 41
    MethodCall  go to state 42
    Exp         go to state 87
    Term        go to state 44
    Factor      go to state 45


State 62

   43 Exp: Exp TOK_LESS • Exp

    TOK_PLUS           shift, and go to state 30
    TOK_MINUS          shift, and go to state 31
    TOK_NOT            shift, and go to state 32
    KW_FALSE           shift, and go to state 33
    KW_TRUE            shift, and go to state 34
    KW_NEW             shift, and go to state 35
    INTEGER_PARSE_INT  shift, and go to state 36
    INTEGER_LITERAL    shift, and go to state 37
    STRING_LITERAL     shift, and go to state 38
    ID                 shift, and go to state 39
    '('                shift, and go to state 40

    LeftValue   go to state 41
    MethodCall  go to state 42
    Exp         go to state 88
    Term        go to state 44
    Factor      go to state 45


State 63

   44 Exp: Exp TOK_GREAT • Exp

    TOK_PLUS           shift, and go to state 30
    TOK_MINUS          shift, and go to state 31
    TOK_NOT            shift, and go to state 32
    KW_FALSE           shift, and go to state 33
    KW_TRUE            shift, and go to state 34
    KW_NEW             shift, and go to state 35
    INTEGER_PARSE_INT  shift, and go to state 36
    INTEGER_LITERAL    shift, and go to state 37
    STRING_LITERAL     shift, and go to state 38
    ID                 shift, and go to state 39
    '('                shift, and go to state 40

    LeftValue   go to state 41
    MethodCall  go to state 42
    Exp         go to state 89
    Term        go to state 44
    Factor      go to state 45


State 64

   45 Exp: Exp TOK_LEQ • Exp

    TOK_PLUS           shift, and go to state 30
    TOK_MINUS          shift, and go to state 31
    TOK_NOT            shift, and go to state 32
    KW_FALSE           shift, and go to state 33
    KW_TRUE            shift, and go to state 34
    KW_NEW             shift, and go to state 35
    INTEGER_PARSE_INT  shift, and go to state 36
    INTEGER_LITERAL    shift, and go to state 37
    STRING_LITERAL     shift, and go to state 38
    ID                 shift, and go to state 39
    '('                shift, and go to state 40

    LeftValue   go to state 41
    MethodCall  go to state 42
    Exp         go to state 90
    Term        go to state 44
    Factor      go to state 45


State 65

   46 Exp: Exp TOK_GREQ • Exp

    TOK_PLUS           shift, and go to state 30
    TOK_MINUS          shift, and go to state 31
    TOK_NOT            shift, and go to state 32
    KW_FALSE           shift, and go to state 33
    KW_TRUE            shift, and go to state 34
    KW_NEW             shift, and go to state 35
    INTEGER_PARSE_INT  shift, and go to state 36
    INTEGER_LITERAL    shift, and go to state 37
    STRING_LITERAL     shift, and go to state 38
    ID                 shift, and go to state 39
    '('                shift, and go to state 40

    LeftValue   go to state 41
    MethodCall  go to state 42
    Exp         go to state 91
    Term        go to state 44
    Factor      go to state 45


State 66

   48 Exp: Exp TOK_NEQ • Exp

    TOK_PLUS           shift, and go to state 30
    TOK_MINUS          shift, and go to state 31
    TOK_NOT            shift, and go to state 32
    KW_FALSE           shift, and go to state 33
    KW_TRUE            shift, and go to state 34
    KW_NEW             shift, and go to state 35
    INTEGER_PARSE_INT  shift, and go to state 36
    INTEGER_LITERAL    shift, and go to state 37
    STRING_LITERAL     shift, and go to state 38
    ID                 shift, and go to state 39
    '('                shift, and go to state 40

    LeftValue   go to state 41
    MethodCall  go to state 42
    Exp         go to state 92
    Term        go to state 44
    Factor      go to state 45


State 67

   47 Exp: Exp TOK_EQ • Exp

    TOK_PLUS           shift, and go to state 30
    TOK_MINUS          shift, and go to state 31
    TOK_NOT            shift, and go to state 32
    KW_FALSE           shift, and go to state 33
    KW_TRUE            shift, and go to state 34
    KW_NEW             shift, and go to state 35
    INTEGER_PARSE_INT  shift, and go to state 36
    INTEGER_LITERAL    shift, and go to state 37
    STRING_LITERAL     shift, and go to state 38
    ID                 shift, and go to state 39
    '('                shift, and go to state 40

    LeftValue   go to state 41
    MethodCall  go to state 42
    Exp         go to state 93
    Term        go to state 44
    Factor      go to state 45


State 68

   39 Exp: Exp TOK_PLUS • Term

    TOK_PLUS           shift, and go to state 30
    TOK_MINUS          shift, and go to state 31
    TOK_NOT            shift, and go to state 32
    KW_FALSE           shift, and go to state 33
    KW_TRUE            shift, and go to state 34
    KW_NEW             shift, and go to state 35
    INTEGER_PARSE_INT  shift, and go to state 36
    INTEGER_LITERAL    shift, and go to state 37
    STRING_LITERAL     shift, and go to state 38
    ID                 shift, and go to state 39
    '('                shift, and go to state 40

    LeftValue   go to state 41
    MethodCall  go to state 42
    Term        go to state 94
    Factor      go to state 45


State 69

   40 Exp: Exp TOK_MINUS • Term

    TOK_PLUS           shift, and go to state 30
    TOK_MINUS          shift, and go to state 31
    TOK_NOT            shift, and go to state 32
    KW_FALSE           shift, and go to state 33
    KW_TRUE            shift, and go to state 34
    KW_NEW             shift, and go to state 35
    INTEGER_PARSE_INT  shift, and go to state 36
    INTEGER_LITERAL    shift, and go to state 37
    STRING_LITERAL     shift, and go to state 38
    ID                 shift, and go to state 39
    '('                shift, and go to state 40

    LeftValue   go to state 41
    MethodCall  go to state 42
    Term        go to state 95
    Factor      go to state 45


State 70

   50 Term: Term TOK_MULT • Factor

    TOK_PLUS           shift, and go to state 30
    TOK_MINUS          shift, and go to state 31
    TOK_NOT            shift, and go to state 32
    KW_FALSE           shift, and go to state 33
    KW_TRUE            shift, and go to state 34
    KW_NEW             shift, and go to state 35
    INTEGER_PARSE_INT  shift, and go to state 36
    INTEGER_LITERAL    shift, and go to state 37
    STRING_LITERAL     shift, and go to state 38
    ID                 shift, and go to state 39
    '('                shift, and go to state 40

    LeftValue   go to state 41
    MethodCall  go to state 42
    Factor      go to state 96


State 71

   51 Term: Term TOK_DIV • Factor

    TOK_PLUS           shift, and go to state 30
    TOK_MINUS          shift, and go to state 31
    TOK_NOT            shift, and go to state 32
    KW_FALSE           shift, and go to state 33
    KW_TRUE            shift, and go to state 34
    KW_NEW             shift, and go to state 35
    INTEGER_PARSE_INT  shift, and go to state 36
    INTEGER_LITERAL    shift, and go to state 37
    STRING_LITERAL     shift, and go to state 38
    ID                 shift, and go to state 39
    '('                shift, and go to state 40

    LeftValue   go to state 41
    MethodCall  go to state 42
    Factor      go to state 97


State 72

    7 VarDeclExpList: ',' ID • ExpDecl VarDeclExpList

    '='  shift, and go to state 25

    $default  reduce using rule 66 (ExpDecl)

    ExpDecl  go to state 98


State 73

    3 VarDecl: Type ID ExpDecl VarDeclExpList ';' •

    $default  reduce using rule 3 (VarDecl)


State 74

    2 MainClass: KW_CLASS ID '{' StaticVarDeclList StaticMethodDeclList KW_PUBLIC KW_STATIC KW_VOID MAIN '(' KW_STRING • '[' ']' ID ')' '{' StatementList '}' '}'

    '['  shift, and go to state 99


State 75

   25 Type: Type • '[' ']'
   36 Arg: Type • ID

    ID   shift, and go to state 100
    '['  shift, and go to state 22


State 76

   31 StaticMethodDecl: KW_PUBLIC KW_STATIC Type ID '(' FormalList • ')' '{' StatementList '}'

    ')'  shift, and go to state 101


State 77

   34 FormalList: Arg • ArgList

    ','  shift, and go to state 102

    $default  reduce using rule 38 (ArgList)

    ArgList  go to state 103


State 78

   23 Index: Index • '[' Exp ']'
   64 Factor: KW_NEW PrimeType Index •

    '['  shift, and go to state 83

    $default  reduce using rule 64 (Factor)


State 79

   30 MethodCall: INTEGER_PARSE_INT '(' Exp • ')'
   39 Exp: Exp • TOK_PLUS Term
   40    | Exp • TOK_MINUS Term
   41    | Exp • TOK_AND Exp
   42    | Exp • TOK_OR Exp
   43    | Exp • TOK_LESS Exp
   44    | Exp • TOK_GREAT Exp
   45    | Exp • TOK_LEQ Exp
   46    | Exp • TOK_GREQ Exp
   47    | Exp • TOK_EQ Exp
   48    | Exp • TOK_NEQ Exp

    TOK_AND    shift, and go to state 60
    TOK_OR     shift, and go to state 61
    TOK_LESS   shift, and go to state 62
    TOK_GREAT  shift, and go to state 63
    TOK_LEQ    shift, and go to state 64
    TOK_GREQ   shift, and go to state 65
    TOK_NEQ    shift, and go to state 66
    TOK_EQ     shift, and go to state 67
    TOK_PLUS   shift, and go to state 68
    TOK_MINUS  shift, and go to state 69
    ')'        shift, and go to state 104


State 80

   39 Exp: Exp • TOK_PLUS Term
   40    | Exp • TOK_MINUS Term
   41    | Exp • TOK_AND Exp
   42    | Exp • TOK_OR Exp
   43    | Exp • TOK_LESS Exp
   44    | Exp • TOK_GREAT Exp
   45    | Exp • TOK_LEQ Exp
   46    | Exp • TOK_GREQ Exp
   47    | Exp • TOK_EQ Exp
   48    | Exp • TOK_NEQ Exp
   67 ExpList: Exp • ExpTail

    TOK_AND    shift, and go to state 60
    TOK_OR     shift, and go to state 61
    TOK_LESS   shift, and go to state 62
    TOK_GREAT  shift, and go to state 63
    TOK_LEQ    shift, and go to state 64
    TOK_GREQ   shift, and go to state 65
    TOK_NEQ    shift, and go to state 66
    TOK_EQ     shift, and go to state 67
    TOK_PLUS   shift, and go to state 68
    TOK_MINUS  shift, and go to state 69
    ','        shift, and go to state 105

    $default  reduce using rule 70 (ExpTail)

    ExpTail  go to state 106


State 81

   29 MethodCall: ID '(' ExpList • ')'

    ')'  shift, and go to state 107


State 82

   22 Index: '[' Exp • ']'
   39 Exp: Exp • TOK_PLUS Term
   40    | Exp • TOK_MINUS Term
   41    | Exp • TOK_AND Exp
   42    | Exp • TOK_OR Exp
   43    | Exp • TOK_LESS Exp
   44    | Exp • TOK_GREAT Exp
   45    | Exp • TOK_LEQ Exp
   46    | Exp • TOK_GREQ Exp
   47    | Exp • TOK_EQ Exp
   48    | Exp • TOK_NEQ Exp

    TOK_AND    shift, and go to state 60
    TOK_OR     shift, and go to state 61
    TOK_LESS   shift, and go to state 62
    TOK_GREAT  shift, and go to state 63
    TOK_LEQ    shift, and go to state 64
    TOK_GREQ   shift, and go to state 65
    TOK_NEQ    shift, and go to state 66
    TOK_EQ     shift, and go to state 67
    TOK_PLUS   shift, and go to state 68
    TOK_MINUS  shift, and go to state 69
    ']'        shift, and go to state 108


State 83

   23 Index: Index '[' • Exp ']'

    TOK_PLUS           shift, and go to state 30
    TOK_MINUS          shift, and go to state 31
    TOK_NOT            shift, and go to state 32
    KW_FALSE           shift, and go to state 33
    KW_TRUE            shift, and go to state 34
    KW_NEW             shift, and go to state 35
    INTEGER_PARSE_INT  shift, and go to state 36
    INTEGER_LITERAL    shift, and go to state 37
    STRING_LITERAL     shift, and go to state 38
    ID                 shift, and go to state 39
    '('                shift, and go to state 40

    LeftValue   go to state 41
    MethodCall  go to state 42
    Exp         go to state 109
    Term        go to state 44
    Factor      go to state 45


State 84

   60 Factor: '(' Exp ')' •

    $default  reduce using rule 60 (Factor)


State 85

   62 Factor: LeftValue '.' KW_LENGTH •

    $default  reduce using rule 62 (Factor)


State 86

   39 Exp: Exp • TOK_PLUS Term
   40    | Exp • TOK_MINUS Term
   41    | Exp • TOK_AND Exp
   41    | Exp TOK_AND Exp •
   42    | Exp • TOK_OR Exp
   43    | Exp • TOK_LESS Exp
   44    | Exp • TOK_GREAT Exp
   45    | Exp • TOK_LEQ Exp
   46    | Exp • TOK_GREQ Exp
   47    | Exp • TOK_EQ Exp
   48    | Exp • TOK_NEQ Exp

    TOK_LESS   shift, and go to state 62
    TOK_GREAT  shift, and go to state 63
    TOK_LEQ    shift, and go to state 64
    TOK_GREQ   shift, and go to state 65
    TOK_NEQ    shift, and go to state 66
    TOK_EQ     shift, and go to state 67
    TOK_PLUS   shift, and go to state 68
    TOK_MINUS  shift, and go to state 69

    TOK_PLUS   [reduce using rule 41 (Exp)]
    TOK_MINUS  [reduce using rule 41 (Exp)]
    $default   reduce using rule 41 (Exp)


State 87

   39 Exp: Exp • TOK_PLUS Term
   40    | Exp • TOK_MINUS Term
   41    | Exp • TOK_AND Exp
   42    | Exp • TOK_OR Exp
   42    | Exp TOK_OR Exp •
   43    | Exp • TOK_LESS Exp
   44    | Exp • TOK_GREAT Exp
   45    | Exp • TOK_LEQ Exp
   46    | Exp • TOK_GREQ Exp
   47    | Exp • TOK_EQ Exp
   48    | Exp • TOK_NEQ Exp

    TOK_AND    shift, and go to state 60
    TOK_LESS   shift, and go to state 62
    TOK_GREAT  shift, and go to state 63
    TOK_LEQ    shift, and go to state 64
    TOK_GREQ   shift, and go to state 65
    TOK_NEQ    shift, and go to state 66
    TOK_EQ     shift, and go to state 67
    TOK_PLUS   shift, and go to state 68
    TOK_MINUS  shift, and go to state 69

    TOK_PLUS   [reduce using rule 42 (Exp)]
    TOK_MINUS  [reduce using rule 42 (Exp)]
    $default   reduce using rule 42 (Exp)


State 88

   39 Exp: Exp • TOK_PLUS Term
   40    | Exp • TOK_MINUS Term
   41    | Exp • TOK_AND Exp
   42    | Exp • TOK_OR Exp
   43    | Exp • TOK_LESS Exp
   43    | Exp TOK_LESS Exp •
   44    | Exp • TOK_GREAT Exp
   45    | Exp • TOK_LEQ Exp
   46    | Exp • TOK_GREQ Exp
   47    | Exp • TOK_EQ Exp
   48    | Exp • TOK_NEQ Exp

    TOK_PLUS   shift, and go to state 68
    TOK_MINUS  shift, and go to state 69

    TOK_PLUS   [reduce using rule 43 (Exp)]
    TOK_MINUS  [reduce using rule 43 (Exp)]
    $default   reduce using rule 43 (Exp)


State 89

   39 Exp: Exp • TOK_PLUS Term
   40    | Exp • TOK_MINUS Term
   41    | Exp • TOK_AND Exp
   42    | Exp • TOK_OR Exp
   43    | Exp • TOK_LESS Exp
   44    | Exp • TOK_GREAT Exp
   44    | Exp TOK_GREAT Exp •
   45    | Exp • TOK_LEQ Exp
   46    | Exp • TOK_GREQ Exp
   47    | Exp • TOK_EQ Exp
   48    | Exp • TOK_NEQ Exp

    TOK_PLUS   shift, and go to state 68
    TOK_MINUS  shift, and go to state 69

    TOK_PLUS   [reduce using rule 44 (Exp)]
    TOK_MINUS  [reduce using rule 44 (Exp)]
    $default   reduce using rule 44 (Exp)


State 90

   39 Exp: Exp • TOK_PLUS Term
   40    | Exp • TOK_MINUS Term
   41    | Exp • TOK_AND Exp
   42    | Exp • TOK_OR Exp
   43    | Exp • TOK_LESS Exp
   44    | Exp • TOK_GREAT Exp
   45    | Exp • TOK_LEQ Exp
   45    | Exp TOK_LEQ Exp •
   46    | Exp • TOK_GREQ Exp
   47    | Exp • TOK_EQ Exp
   48    | Exp • TOK_NEQ Exp

    TOK_PLUS   shift, and go to state 68
    TOK_MINUS  shift, and go to state 69

    TOK_PLUS   [reduce using rule 45 (Exp)]
    TOK_MINUS  [reduce using rule 45 (Exp)]
    $default   reduce using rule 45 (Exp)


State 91

   39 Exp: Exp • TOK_PLUS Term
   40    | Exp • TOK_MINUS Term
   41    | Exp • TOK_AND Exp
   42    | Exp • TOK_OR Exp
   43    | Exp • TOK_LESS Exp
   44    | Exp • TOK_GREAT Exp
   45    | Exp • TOK_LEQ Exp
   46    | Exp • TOK_GREQ Exp
   46    | Exp TOK_GREQ Exp •
   47    | Exp • TOK_EQ Exp
   48    | Exp • TOK_NEQ Exp

    TOK_PLUS   shift, and go to state 68
    TOK_MINUS  shift, and go to state 69

    TOK_PLUS   [reduce using rule 46 (Exp)]
    TOK_MINUS  [reduce using rule 46 (Exp)]
    $default   reduce using rule 46 (Exp)


State 92

   39 Exp: Exp • TOK_PLUS Term
   40    | Exp • TOK_MINUS Term
   41    | Exp • TOK_AND Exp
   42    | Exp • TOK_OR Exp
   43    | Exp • TOK_LESS Exp
   44    | Exp • TOK_GREAT Exp
   45    | Exp • TOK_LEQ Exp
   46    | Exp • TOK_GREQ Exp
   47    | Exp • TOK_EQ Exp
   48    | Exp • TOK_NEQ Exp
   48    | Exp TOK_NEQ Exp •

    TOK_PLUS   shift, and go to state 68
    TOK_MINUS  shift, and go to state 69

    TOK_PLUS   [reduce using rule 48 (Exp)]
    TOK_MINUS  [reduce using rule 48 (Exp)]
    $default   reduce using rule 48 (Exp)


State 93

   39 Exp: Exp • TOK_PLUS Term
   40    | Exp • TOK_MINUS Term
   41    | Exp • TOK_AND Exp
   42    | Exp • TOK_OR Exp
   43    | Exp • TOK_LESS Exp
   44    | Exp • TOK_GREAT Exp
   45    | Exp • TOK_LEQ Exp
   46    | Exp • TOK_GREQ Exp
   47    | Exp • TOK_EQ Exp
   47    | Exp TOK_EQ Exp •
   48    | Exp • TOK_NEQ Exp

    TOK_PLUS   shift, and go to state 68
    TOK_MINUS  shift, and go to state 69

    TOK_PLUS   [reduce using rule 47 (Exp)]
    TOK_MINUS  [reduce using rule 47 (Exp)]
    $default   reduce using rule 47 (Exp)


State 94

   39 Exp: Exp TOK_PLUS Term •
   50 Term: Term • TOK_MULT Factor
   51     | Term • TOK_DIV Factor

    TOK_MULT  shift, and go to state 70
    TOK_DIV   shift, and go to state 71

    $default  reduce using rule 39 (Exp)


State 95

   40 Exp: Exp TOK_MINUS Term •
   50 Term: Term • TOK_MULT Factor
   51     | Term • TOK_DIV Factor

    TOK_MULT  shift, and go to state 70
    TOK_DIV   shift, and go to state 71

    $default  reduce using rule 40 (Exp)


State 96

   50 Term: Term TOK_MULT Factor •

    $default  reduce using rule 50 (Term)


State 97

   51 Term: Term TOK_DIV Factor •

    $default  reduce using rule 51 (Term)


State 98

    7 VarDeclExpList: ',' ID ExpDecl • VarDeclExpList

    ','  shift, and go to state 46

    $default  reduce using rule 8 (VarDeclExpList)

    VarDeclExpList  go to state 110


State 99

    2 MainClass: KW_CLASS ID '{' StaticVarDeclList StaticMethodDeclList KW_PUBLIC KW_STATIC KW_VOID MAIN '(' KW_STRING '[' • ']' ID ')' '{' StatementList '}' '}'

    ']'  shift, and go to state 111


State 100

   36 Arg: Type ID •

    $default  reduce using rule 36 (Arg)


State 101

   31 StaticMethodDecl: KW_PUBLIC KW_STATIC Type ID '(' FormalList ')' • '{' StatementList '}'

    '{'  shift, and go to state 112


State 102

   37 ArgList: ',' • Arg ArgList

    KW_BOOLEAN  shift, and go to state 14
    KW_INT      shift, and go to state 15
    KW_STRING   shift, and go to state 16

    Type       go to state 75
    PrimeType  go to state 19
    Arg        go to state 113


State 103

   34 FormalList: Arg ArgList •

    $default  reduce using rule 34 (FormalList)


State 104

   30 MethodCall: INTEGER_PARSE_INT '(' Exp ')' •

    $default  reduce using rule 30 (MethodCall)


State 105

   69 ExpTail: ',' • Exp ExpTail

    TOK_PLUS           shift, and go to state 30
    TOK_MINUS          shift, and go to state 31
    TOK_NOT            shift, and go to state 32
    KW_FALSE           shift, and go to state 33
    KW_TRUE            shift, and go to state 34
    KW_NEW             shift, and go to state 35
    INTEGER_PARSE_INT  shift, and go to state 36
    INTEGER_LITERAL    shift, and go to state 37
    STRING_LITERAL     shift, and go to state 38
    ID                 shift, and go to state 39
    '('                shift, and go to state 40

    LeftValue   go to state 41
    MethodCall  go to state 42
    Exp         go to state 114
    Term        go to state 44
    Factor      go to state 45


State 106

   67 ExpList: Exp ExpTail •

    $default  reduce using rule 67 (ExpList)


State 107

   29 MethodCall: ID '(' ExpList ')' •

    $default  reduce using rule 29 (MethodCall)


State 108

   22 Index: '[' Exp ']' •

    $default  reduce using rule 22 (Index)


State 109

   23 Index: Index '[' Exp • ']'
   39 Exp: Exp • TOK_PLUS Term
   40    | Exp • TOK_MINUS Term
   41    | Exp • TOK_AND Exp
   42    | Exp • TOK_OR Exp
   43    | Exp • TOK_LESS Exp
   44    | Exp • TOK_GREAT Exp
   45    | Exp • TOK_LEQ Exp
   46    | Exp • TOK_GREQ Exp
   47    | Exp • TOK_EQ Exp
   48    | Exp • TOK_NEQ Exp

    TOK_AND    shift, and go to state 60
    TOK_OR     shift, and go to state 61
    TOK_LESS   shift, and go to state 62
    TOK_GREAT  shift, and go to state 63
    TOK_LEQ    shift, and go to state 64
    TOK_GREQ   shift, and go to state 65
    TOK_NEQ    shift, and go to state 66
    TOK_EQ     shift, and go to state 67
    TOK_PLUS   shift, and go to state 68
    TOK_MINUS  shift, and go to state 69
    ']'        shift, and go to state 115


State 110

    7 VarDeclExpList: ',' ID ExpDecl VarDeclExpList •

    $default  reduce using rule 7 (VarDeclExpList)


State 111

    2 MainClass: KW_CLASS ID '{' StaticVarDeclList StaticMethodDeclList KW_PUBLIC KW_STATIC KW_VOID MAIN '(' KW_STRING '[' ']' • ID ')' '{' StatementList '}' '}'

    ID  shift, and go to state 116


State 112

   31 StaticMethodDecl: KW_PUBLIC KW_STATIC Type ID '(' FormalList ')' '{' • StatementList '}'

    $default  reduce using rule 19 (StatementList)

    StatementList  go to state 117


State 113

   37 ArgList: ',' Arg • ArgList

    ','  shift, and go to state 102

    $default  reduce using rule 38 (ArgList)

    ArgList  go to state 118


State 114

   39 Exp: Exp • TOK_PLUS Term
   40    | Exp • TOK_MINUS Term
   41    | Exp • TOK_AND Exp
   42    | Exp • TOK_OR Exp
   43    | Exp • TOK_LESS Exp
   44    | Exp • TOK_GREAT Exp
   45    | Exp • TOK_LEQ Exp
   46    | Exp • TOK_GREQ Exp
   47    | Exp • TOK_EQ Exp
   48    | Exp • TOK_NEQ Exp
   69 ExpTail: ',' Exp • ExpTail

    TOK_AND    shift, and go to state 60
    TOK_OR     shift, and go to state 61
    TOK_LESS   shift, and go to state 62
    TOK_GREAT  shift, and go to state 63
    TOK_LEQ    shift, and go to state 64
    TOK_GREQ   shift, and go to state 65
    TOK_NEQ    shift, and go to state 66
    TOK_EQ     shift, and go to state 67
    TOK_PLUS   shift, and go to state 68
    TOK_MINUS  shift, and go to state 69
    ','        shift, and go to state 105

    $default  reduce using rule 70 (ExpTail)

    ExpTail  go to state 119


State 115

   23 Index: Index '[' Exp ']' •

    $default  reduce using rule 23 (Index)


State 116

    2 MainClass: KW_CLASS ID '{' StaticVarDeclList StaticMethodDeclList KW_PUBLIC KW_STATIC KW_VOID MAIN '(' KW_STRING '[' ']' ID • ')' '{' StatementList '}' '}'

    ')'  shift, and go to state 120


State 117

   18 StatementList: StatementList • Statement
   31 StaticMethodDecl: KW_PUBLIC KW_STATIC Type ID '(' FormalList ')' '{' StatementList • '}'

    KW_BOOLEAN          shift, and go to state 14
    KW_INT              shift, and go to state 15
    KW_IF               shift, and go to state 121
    KW_RETURN           shift, and go to state 122
    KW_WHILE            shift, and go to state 123
    KW_STRING           shift, and go to state 16
    SYSTEM_OUT_PRINT    shift, and go to state 124
    SYSTEM_OUT_PRINTLN  shift, and go to state 125
    INTEGER_PARSE_INT   shift, and go to state 36
    ID                  shift, and go to state 39
    '{'                 shift, and go to state 126
    '}'                 shift, and go to state 127

    VarDecl     go to state 128
    Statement   go to state 129
    LeftValue   go to state 130
    Type        go to state 18
    PrimeType   go to state 19
    MethodCall  go to state 131


State 118

   37 ArgList: ',' Arg ArgList •

    $default  reduce using rule 37 (ArgList)


State 119

   69 ExpTail: ',' Exp ExpTail •

    $default  reduce using rule 69 (ExpTail)


State 120

    2 MainClass: KW_CLASS ID '{' StaticVarDeclList StaticMethodDeclList KW_PUBLIC KW_STATIC KW_VOID MAIN '(' KW_STRING '[' ']' ID ')' • '{' StatementList '}' '}'

    '{'  shift, and go to state 132


State 121

   11 Statement: KW_IF • '(' Exp ')' Statement KW_ELSE Statement

    '('  shift, and go to state 133


State 122

   16 Statement: KW_RETURN • Exp ';'

    TOK_PLUS           shift, and go to state 30
    TOK_MINUS          shift, and go to state 31
    TOK_NOT            shift, and go to state 32
    KW_FALSE           shift, and go to state 33
    KW_TRUE            shift, and go to state 34
    KW_NEW             shift, and go to state 35
    INTEGER_PARSE_INT  shift, and go to state 36
    INTEGER_LITERAL    shift, and go to state 37
    STRING_LITERAL     shift, and go to state 38
    ID                 shift, and go to state 39
    '('                shift, and go to state 40

    LeftValue   go to state 41
    MethodCall  go to state 42
    Exp         go to state 134
    Term        go to state 44
    Factor      go to state 45


State 123

   12 Statement: KW_WHILE • '(' Exp ')' Statement

    '('  shift, and go to state 135


State 124

   14 Statement: SYSTEM_OUT_PRINT • '(' Exp ')' ';'

    '('  shift, and go to state 136


State 125

   13 Statement: SYSTEM_OUT_PRINTLN • '(' Exp ')' ';'

    '('  shift, and go to state 137


State 126

   10 Statement: '{' • StatementList '}'

    $default  reduce using rule 19 (StatementList)

    StatementList  go to state 138


State 127

   31 StaticMethodDecl: KW_PUBLIC KW_STATIC Type ID '(' FormalList ')' '{' StatementList '}' •

    $default  reduce using rule 31 (StaticMethodDecl)


State 128

    9 Statement: VarDecl •

    $default  reduce using rule 9 (Statement)


State 129

   18 StatementList: StatementList Statement •

    $default  reduce using rule 18 (StatementList)


State 130

   15 Statement: LeftValue • '=' Exp ';'

    '='  shift, and go to state 139


State 131

   17 Statement: MethodCall • ';'

    ';'  shift, and go to state 140


State 132

    2 MainClass: KW_CLASS ID '{' StaticVarDeclList StaticMethodDeclList KW_PUBLIC KW_STATIC KW_VOID MAIN '(' KW_STRING '[' ']' ID ')' '{' • StatementList '}' '}'

    $default  reduce using rule 19 (StatementList)

    StatementList  go to state 141


State 133

   11 Statement: KW_IF '(' • Exp ')' Statement KW_ELSE Statement

    TOK_PLUS           shift, and go to state 30
    TOK_MINUS          shift, and go to state 31
    TOK_NOT            shift, and go to state 32
    KW_FALSE           shift, and go to state 33
    KW_TRUE            shift, and go to state 34
    KW_NEW             shift, and go to state 35
    INTEGER_PARSE_INT  shift, and go to state 36
    INTEGER_LITERAL    shift, and go to state 37
    STRING_LITERAL     shift, and go to state 38
    ID                 shift, and go to state 39
    '('                shift, and go to state 40

    LeftValue   go to state 41
    MethodCall  go to state 42
    Exp         go to state 142
    Term        go to state 44
    Factor      go to state 45


State 134

   16 Statement: KW_RETURN Exp • ';'
   39 Exp: Exp • TOK_PLUS Term
   40    | Exp • TOK_MINUS Term
   41    | Exp • TOK_AND Exp
   42    | Exp • TOK_OR Exp
   43    | Exp • TOK_LESS Exp
   44    | Exp • TOK_GREAT Exp
   45    | Exp • TOK_LEQ Exp
   46    | Exp • TOK_GREQ Exp
   47    | Exp • TOK_EQ Exp
   48    | Exp • TOK_NEQ Exp

    TOK_AND    shift, and go to state 60
    TOK_OR     shift, and go to state 61
    TOK_LESS   shift, and go to state 62
    TOK_GREAT  shift, and go to state 63
    TOK_LEQ    shift, and go to state 64
    TOK_GREQ   shift, and go to state 65
    TOK_NEQ    shift, and go to state 66
    TOK_EQ     shift, and go to state 67
    TOK_PLUS   shift, and go to state 68
    TOK_MINUS  shift, and go to state 69
    ';'        shift, and go to state 143


State 135

   12 Statement: KW_WHILE '(' • Exp ')' Statement

    TOK_PLUS           shift, and go to state 30
    TOK_MINUS          shift, and go to state 31
    TOK_NOT            shift, and go to state 32
    KW_FALSE           shift, and go to state 33
    KW_TRUE            shift, and go to state 34
    KW_NEW             shift, and go to state 35
    INTEGER_PARSE_INT  shift, and go to state 36
    INTEGER_LITERAL    shift, and go to state 37
    STRING_LITERAL     shift, and go to state 38
    ID                 shift, and go to state 39
    '('                shift, and go to state 40

    LeftValue   go to state 41
    MethodCall  go to state 42
    Exp         go to state 144
    Term        go to state 44
    Factor      go to state 45


State 136

   14 Statement: SYSTEM_OUT_PRINT '(' • Exp ')' ';'

    TOK_PLUS           shift, and go to state 30
    TOK_MINUS          shift, and go to state 31
    TOK_NOT            shift, and go to state 32
    KW_FALSE           shift, and go to state 33
    KW_TRUE            shift, and go to state 34
    KW_NEW             shift, and go to state 35
    INTEGER_PARSE_INT  shift, and go to state 36
    INTEGER_LITERAL    shift, and go to state 37
    STRING_LITERAL     shift, and go to state 38
    ID                 shift, and go to state 39
    '('                shift, and go to state 40

    LeftValue   go to state 41
    MethodCall  go to state 42
    Exp         go to state 145
    Term        go to state 44
    Factor      go to state 45


State 137

   13 Statement: SYSTEM_OUT_PRINTLN '(' • Exp ')' ';'

    TOK_PLUS           shift, and go to state 30
    TOK_MINUS          shift, and go to state 31
    TOK_NOT            shift, and go to state 32
    KW_FALSE           shift, and go to state 33
    KW_TRUE            shift, and go to state 34
    KW_NEW             shift, and go to state 35
    INTEGER_PARSE_INT  shift, and go to state 36
    INTEGER_LITERAL    shift, and go to state 37
    STRING_LITERAL     shift, and go to state 38
    ID                 shift, and go to state 39
    '('                shift, and go to state 40

    LeftValue   go to state 41
    MethodCall  go to state 42
    Exp         go to state 146
    Term        go to state 44
    Factor      go to state 45


State 138

   10 Statement: '{' StatementList • '}'
   18 StatementList: StatementList • Statement

    KW_BOOLEAN          shift, and go to state 14
    KW_INT              shift, and go to state 15
    KW_IF               shift, and go to state 121
    KW_RETURN           shift, and go to state 122
    KW_WHILE            shift, and go to state 123
    KW_STRING           shift, and go to state 16
    SYSTEM_OUT_PRINT    shift, and go to state 124
    SYSTEM_OUT_PRINTLN  shift, and go to state 125
    INTEGER_PARSE_INT   shift, and go to state 36
    ID                  shift, and go to state 39
    '{'                 shift, and go to state 126
    '}'                 shift, and go to state 147

    VarDecl     go to state 128
    Statement   go to state 129
    LeftValue   go to state 130
    Type        go to state 18
    PrimeType   go to state 19
    MethodCall  go to state 131


State 139

   15 Statement: LeftValue '=' • Exp ';'

    TOK_PLUS           shift, and go to state 30
    TOK_MINUS          shift, and go to state 31
    TOK_NOT            shift, and go to state 32
    KW_FALSE           shift, and go to state 33
    KW_TRUE            shift, and go to state 34
    KW_NEW             shift, and go to state 35
    INTEGER_PARSE_INT  shift, and go to state 36
    INTEGER_LITERAL    shift, and go to state 37
    STRING_LITERAL     shift, and go to state 38
    ID                 shift, and go to state 39
    '('                shift, and go to state 40

    LeftValue   go to state 41
    MethodCall  go to state 42
    Exp         go to state 148
    Term        go to state 44
    Factor      go to state 45


State 140

   17 Statement: MethodCall ';' •

    $default  reduce using rule 17 (Statement)


State 141

    2 MainClass: KW_CLASS ID '{' StaticVarDeclList StaticMethodDeclList KW_PUBLIC KW_STATIC KW_VOID MAIN '(' KW_STRING '[' ']' ID ')' '{' StatementList • '}' '}'
   18 StatementList: StatementList • Statement

    KW_BOOLEAN          shift, and go to state 14
    KW_INT              shift, and go to state 15
    KW_IF               shift, and go to state 121
    KW_RETURN           shift, and go to state 122
    KW_WHILE            shift, and go to state 123
    KW_STRING           shift, and go to state 16
    SYSTEM_OUT_PRINT    shift, and go to state 124
    SYSTEM_OUT_PRINTLN  shift, and go to state 125
    INTEGER_PARSE_INT   shift, and go to state 36
    ID                  shift, and go to state 39
    '{'                 shift, and go to state 126
    '}'                 shift, and go to state 149

    VarDecl     go to state 128
    Statement   go to state 129
    LeftValue   go to state 130
    Type        go to state 18
    PrimeType   go to state 19
    MethodCall  go to state 131


State 142

   11 Statement: KW_IF '(' Exp • ')' Statement KW_ELSE Statement
   39 Exp: Exp • TOK_PLUS Term
   40    | Exp • TOK_MINUS Term
   41    | Exp • TOK_AND Exp
   42    | Exp • TOK_OR Exp
   43    | Exp • TOK_LESS Exp
   44    | Exp • TOK_GREAT Exp
   45    | Exp • TOK_LEQ Exp
   46    | Exp • TOK_GREQ Exp
   47    | Exp • TOK_EQ Exp
   48    | Exp • TOK_NEQ Exp

    TOK_AND    shift, and go to state 60
    TOK_OR     shift, and go to state 61
    TOK_LESS   shift, and go to state 62
    TOK_GREAT  shift, and go to state 63
    TOK_LEQ    shift, and go to state 64
    TOK_GREQ   shift, and go to state 65
    TOK_NEQ    shift, and go to state 66
    TOK_EQ     shift, and go to state 67
    TOK_PLUS   shift, and go to state 68
    TOK_MINUS  shift, and go to state 69
    ')'        shift, and go to state 150


State 143

   16 Statement: KW_RETURN Exp ';' •

    $default  reduce using rule 16 (Statement)


State 144

   12 Statement: KW_WHILE '(' Exp • ')' Statement
   39 Exp: Exp • TOK_PLUS Term
   40    | Exp • TOK_MINUS Term
   41    | Exp • TOK_AND Exp
   42    | Exp • TOK_OR Exp
   43    | Exp • TOK_LESS Exp
   44    | Exp • TOK_GREAT Exp
   45    | Exp • TOK_LEQ Exp
   46    | Exp • TOK_GREQ Exp
   47    | Exp • TOK_EQ Exp
   48    | Exp • TOK_NEQ Exp

    TOK_AND    shift, and go to state 60
    TOK_OR     shift, and go to state 61
    TOK_LESS   shift, and go to state 62
    TOK_GREAT  shift, and go to state 63
    TOK_LEQ    shift, and go to state 64
    TOK_GREQ   shift, and go to state 65
    TOK_NEQ    shift, and go to state 66
    TOK_EQ     shift, and go to state 67
    TOK_PLUS   shift, and go to state 68
    TOK_MINUS  shift, and go to state 69
    ')'        shift, and go to state 151


State 145

   14 Statement: SYSTEM_OUT_PRINT '(' Exp • ')' ';'
   39 Exp: Exp • TOK_PLUS Term
   40    | Exp • TOK_MINUS Term
   41    | Exp • TOK_AND Exp
   42    | Exp • TOK_OR Exp
   43    | Exp • TOK_LESS Exp
   44    | Exp • TOK_GREAT Exp
   45    | Exp • TOK_LEQ Exp
   46    | Exp • TOK_GREQ Exp
   47    | Exp • TOK_EQ Exp
   48    | Exp • TOK_NEQ Exp

    TOK_AND    shift, and go to state 60
    TOK_OR     shift, and go to state 61
    TOK_LESS   shift, and go to state 62
    TOK_GREAT  shift, and go to state 63
    TOK_LEQ    shift, and go to state 64
    TOK_GREQ   shift, and go to state 65
    TOK_NEQ    shift, and go to state 66
    TOK_EQ     shift, and go to state 67
    TOK_PLUS   shift, and go to state 68
    TOK_MINUS  shift, and go to state 69
    ')'        shift, and go to state 152


State 146

   13 Statement: SYSTEM_OUT_PRINTLN '(' Exp • ')' ';'
   39 Exp: Exp • TOK_PLUS Term
   40    | Exp • TOK_MINUS Term
   41    | Exp • TOK_AND Exp
   42    | Exp • TOK_OR Exp
   43    | Exp • TOK_LESS Exp
   44    | Exp • TOK_GREAT Exp
   45    | Exp • TOK_LEQ Exp
   46    | Exp • TOK_GREQ Exp
   47    | Exp • TOK_EQ Exp
   48    | Exp • TOK_NEQ Exp

    TOK_AND    shift, and go to state 60
    TOK_OR     shift, and go to state 61
    TOK_LESS   shift, and go to state 62
    TOK_GREAT  shift, and go to state 63
    TOK_LEQ    shift, and go to state 64
    TOK_GREQ   shift, and go to state 65
    TOK_NEQ    shift, and go to state 66
    TOK_EQ     shift, and go to state 67
    TOK_PLUS   shift, and go to state 68
    TOK_MINUS  shift, and go to state 69
    ')'        shift, and go to state 153


State 147

   10 Statement: '{' StatementList '}' •

    $default  reduce using rule 10 (Statement)


State 148

   15 Statement: LeftValue '=' Exp • ';'
   39 Exp: Exp • TOK_PLUS Term
   40    | Exp • TOK_MINUS Term
   41    | Exp • TOK_AND Exp
   42    | Exp • TOK_OR Exp
   43    | Exp • TOK_LESS Exp
   44    | Exp • TOK_GREAT Exp
   45    | Exp • TOK_LEQ Exp
   46    | Exp • TOK_GREQ Exp
   47    | Exp • TOK_EQ Exp
   48    | Exp • TOK_NEQ Exp

    TOK_AND    shift, and go to state 60
    TOK_OR     shift, and go to state 61
    TOK_LESS   shift, and go to state 62
    TOK_GREAT  shift, and go to state 63
    TOK_LEQ    shift, and go to state 64
    TOK_GREQ   shift, and go to state 65
    TOK_NEQ    shift, and go to state 66
    TOK_EQ     shift, and go to state 67
    TOK_PLUS   shift, and go to state 68
    TOK_MINUS  shift, and go to state 69
    ';'        shift, and go to state 154


State 149

    2 MainClass: KW_CLASS ID '{' StaticVarDeclList StaticMethodDeclList KW_PUBLIC KW_STATIC KW_VOID MAIN '(' KW_STRING '[' ']' ID ')' '{' StatementList '}' • '}'

    '}'  shift, and go to state 155


State 150

   11 Statement: KW_IF '(' Exp ')' • Statement KW_ELSE Statement

    KW_BOOLEAN          shift, and go to state 14
    KW_INT              shift, and go to state 15
    KW_IF               shift, and go to state 121
    KW_RETURN           shift, and go to state 122
    KW_WHILE            shift, and go to state 123
    KW_STRING           shift, and go to state 16
    SYSTEM_OUT_PRINT    shift, and go to state 124
    SYSTEM_OUT_PRINTLN  shift, and go to state 125
    INTEGER_PARSE_INT   shift, and go to state 36
    ID                  shift, and go to state 39
    '{'                 shift, and go to state 126

    VarDecl     go to state 128
    Statement   go to state 156
    LeftValue   go to state 130
    Type        go to state 18
    PrimeType   go to state 19
    MethodCall  go to state 131


State 151

   12 Statement: KW_WHILE '(' Exp ')' • Statement

    KW_BOOLEAN          shift, and go to state 14
    KW_INT              shift, and go to state 15
    KW_IF               shift, and go to state 121
    KW_RETURN           shift, and go to state 122
    KW_WHILE            shift, and go to state 123
    KW_STRING           shift, and go to state 16
    SYSTEM_OUT_PRINT    shift, and go to state 124
    SYSTEM_OUT_PRINTLN  shift, and go to state 125
    INTEGER_PARSE_INT   shift, and go to state 36
    ID                  shift, and go to state 39
    '{'                 shift, and go to state 126

    VarDecl     go to state 128
    Statement   go to state 157
    LeftValue   go to state 130
    Type        go to state 18
    PrimeType   go to state 19
    MethodCall  go to state 131


State 152

   14 Statement: SYSTEM_OUT_PRINT '(' Exp ')' • ';'

    ';'  shift, and go to state 158


State 153

   13 Statement: SYSTEM_OUT_PRINTLN '(' Exp ')' • ';'

    ';'  shift, and go to state 159


State 154

   15 Statement: LeftValue '=' Exp ';' •

    $default  reduce using rule 15 (Statement)


State 155

    2 MainClass: KW_CLASS ID '{' StaticVarDeclList StaticMethodDeclList KW_PUBLIC KW_STATIC KW_VOID MAIN '(' KW_STRING '[' ']' ID ')' '{' StatementList '}' '}' •

    $default  reduce using rule 2 (MainClass)


State 156

   11 Statement: KW_IF '(' Exp ')' Statement • KW_ELSE Statement

    KW_ELSE  shift, and go to state 160


State 157

   12 Statement: KW_WHILE '(' Exp ')' Statement •

    $default  reduce using rule 12 (Statement)


State 158

   14 Statement: SYSTEM_OUT_PRINT '(' Exp ')' ';' •

    $default  reduce using rule 14 (Statement)


State 159

   13 Statement: SYSTEM_OUT_PRINTLN '(' Exp ')' ';' •

    $default  reduce using rule 13 (Statement)


State 160

   11 Statement: KW_IF '(' Exp ')' Statement KW_ELSE • Statement

    KW_BOOLEAN          shift, and go to state 14
    KW_INT              shift, and go to state 15
    KW_IF               shift, and go to state 121
    KW_RETURN           shift, and go to state 122
    KW_WHILE            shift, and go to state 123
    KW_STRING           shift, and go to state 16
    SYSTEM_OUT_PRINT    shift, and go to state 124
    SYSTEM_OUT_PRINTLN  shift, and go to state 125
    INTEGER_PARSE_INT   shift, and go to state 36
    ID                  shift, and go to state 39
    '{'                 shift, and go to state 126

    VarDecl     go to state 128
    Statement   go to state 161
    LeftValue   go to state 130
    Type        go to state 18
    PrimeType   go to state 19
    MethodCall  go to state 131


State 161

   11 Statement: KW_IF '(' Exp ')' Statement KW_ELSE Statement •

    $default  reduce using rule 11 (Statement)
